<?xml version="1.0" encoding="UTF-8"?>
<!-- Generated by org.testng.reporters.JUnitReportReporter -->
<testsuite skipped="0" hostname="DESKTOP-RJVCUVF" name="Git_Actions.Launch" tests="1" failures="0" timestamp="2020-09-25T17:32:37 IST" time="0.015" errors="0">
  <testcase name="sampleTest" time="0.015" classname="Git_Actions.Launch"/>
  <system-out/>
</testsuite> <!-- Git_Actions.Launch -->
